2017-01-14 19:10:15 - PHP Warning:  SessionHandler::write(): open(/var/lib/php/sessions/sess_df63cc03v884jk655s4jitj2g5, O_RDWR) failed: Permission denied (13) in /var/www/html/irw/store/system/library/session/native.php on line 21
2017-01-16 5:28:13 - PHP Warning:  SessionHandler::write(): Session data file is not created by your uid in /var/www/html/irw/store/system/library/session/native.php on line 21
2017-01-16 5:28:14 - PHP Warning:  session_write_close(): Failed to write session data (user). Please verify that the current setting of session.save_path is correct (/var/lib/php/sessions) in Unknown on line 0
2017-01-16 5:28:26 - PHP Warning:  SessionHandler::write(): Session data file is not created by your uid in /var/www/html/irw/store/system/library/session/native.php on line 21
2017-01-16 5:28:26 - PHP Warning:  session_write_close(): Failed to write session data (user). Please verify that the current setting of session.save_path is correct (/var/lib/php/sessions) in Unknown on line 0
2017-01-16 19:06:00 - PHP Warning:  SessionHandler::write(): open(/var/lib/php/sessions/sess_df63cc03v884jk655s4jitj2g5, O_RDWR) failed: Permission denied (13) in /var/www/html/irw/store/system/library/session/native.php on line 21
2017-01-16 19:06:44 - PHP Warning:  SessionHandler::write(): open(/var/lib/php/sessions/sess_df63cc03v884jk655s4jitj2g5, O_RDWR) failed: Permission denied (13) in /var/www/html/irw/store/system/library/session/native.php on line 21
2017-01-17 11:00:15 - PHP Warning:  SessionHandler::write(): open(/var/lib/php/sessions/sess_df63cc03v884jk655s4jitj2g5, O_RDWR) failed: Permission denied (13) in /var/www/html/irw/store/system/library/session/native.php on line 21
2017-01-17 11:05:21 - PHP Warning:  SessionHandler::write(): open(/var/lib/php/sessions/sess_df63cc03v884jk655s4jitj2g5, O_RDWR) failed: Permission denied (13) in /var/www/html/irw/store/system/library/session/native.php on line 21
2017-01-17 11:05:38 - PHP Warning:  SessionHandler::write(): open(/var/lib/php/sessions/sess_df63cc03v884jk655s4jitj2g5, O_RDWR) failed: Permission denied (13) in /var/www/html/irw/store/system/library/session/native.php on line 21
2017-01-17 11:05:59 - PHP Warning:  SessionHandler::write(): open(/var/lib/php/sessions/sess_df63cc03v884jk655s4jitj2g5, O_RDWR) failed: Permission denied (13) in /var/www/html/irw/store/system/library/session/native.php on line 21
2017-01-17 11:06:56 - PHP Warning:  SessionHandler::write(): open(/var/lib/php/sessions/sess_df63cc03v884jk655s4jitj2g5, O_RDWR) failed: Permission denied (13) in /var/www/html/irw/store/system/library/session/native.php on line 21
2017-01-17 11:07:33 - PHP Warning:  SessionHandler::write(): open(/var/lib/php/sessions/sess_df63cc03v884jk655s4jitj2g5, O_RDWR) failed: Permission denied (13) in /var/www/html/irw/store/system/library/session/native.php on line 21
2017-01-17 11:07:33 - PHP Warning:  SessionHandler::write(): open(/var/lib/php/sessions/sess_df63cc03v884jk655s4jitj2g5, O_RDWR) failed: Permission denied (13) in /var/www/html/irw/store/system/library/session/native.php on line 21
2017-01-17 11:07:33 - PHP Warning:  SessionHandler::write(): open(/var/lib/php/sessions/sess_df63cc03v884jk655s4jitj2g5, O_RDWR) failed: Permission denied (13) in /var/www/html/irw/store/system/library/session/native.php on line 21
2017-01-17 11:07:45 - PHP Warning:  SessionHandler::write(): open(/var/lib/php/sessions/sess_df63cc03v884jk655s4jitj2g5, O_RDWR) failed: Permission denied (13) in /var/www/html/irw/store/system/library/session/native.php on line 21
2017-01-17 11:08:03 - PHP Warning:  SessionHandler::write(): open(/var/lib/php/sessions/sess_df63cc03v884jk655s4jitj2g5, O_RDWR) failed: Permission denied (13) in /var/www/html/irw/store/system/library/session/native.php on line 21
2017-01-17 11:08:09 - PHP Warning:  SessionHandler::write(): open(/var/lib/php/sessions/sess_df63cc03v884jk655s4jitj2g5, O_RDWR) failed: Permission denied (13) in /var/www/html/irw/store/system/library/session/native.php on line 21
2017-01-17 11:08:14 - PHP Warning:  SessionHandler::write(): open(/var/lib/php/sessions/sess_df63cc03v884jk655s4jitj2g5, O_RDWR) failed: Permission denied (13) in /var/www/html/irw/store/system/library/session/native.php on line 21
2017-01-17 11:09:16 - PHP Warning:  SessionHandler::write(): open(/var/lib/php/sessions/sess_df63cc03v884jk655s4jitj2g5, O_RDWR) failed: Permission denied (13) in /var/www/html/irw/store/system/library/session/native.php on line 21
2017-01-17 11:09:16 - PHP Warning:  SessionHandler::write(): open(/var/lib/php/sessions/sess_df63cc03v884jk655s4jitj2g5, O_RDWR) failed: Permission denied (13) in /var/www/html/irw/store/system/library/session/native.php on line 21
2017-01-17 11:09:34 - PHP Warning:  SessionHandler::write(): open(/var/lib/php/sessions/sess_df63cc03v884jk655s4jitj2g5, O_RDWR) failed: Permission denied (13) in /var/www/html/irw/store/system/library/session/native.php on line 21
2017-01-17 11:09:34 - PHP Warning:  SessionHandler::write(): open(/var/lib/php/sessions/sess_df63cc03v884jk655s4jitj2g5, O_RDWR) failed: Permission denied (13) in /var/www/html/irw/store/system/library/session/native.php on line 21
2017-01-17 11:09:42 - PHP Warning:  SessionHandler::write(): open(/var/lib/php/sessions/sess_df63cc03v884jk655s4jitj2g5, O_RDWR) failed: Permission denied (13) in /var/www/html/irw/store/system/library/session/native.php on line 21
2017-01-17 11:09:42 - PHP Warning:  SessionHandler::write(): open(/var/lib/php/sessions/sess_df63cc03v884jk655s4jitj2g5, O_RDWR) failed: Permission denied (13) in /var/www/html/irw/store/system/library/session/native.php on line 21
2017-01-17 11:09:42 - PHP Warning:  SessionHandler::write(): open(/var/lib/php/sessions/sess_df63cc03v884jk655s4jitj2g5, O_RDWR) failed: Permission denied (13) in /var/www/html/irw/store/system/library/session/native.php on line 21
2017-01-17 11:10:49 - PHP Warning:  SessionHandler::write(): open(/var/lib/php/sessions/sess_df63cc03v884jk655s4jitj2g5, O_RDWR) failed: Permission denied (13) in /var/www/html/irw/store/system/library/session/native.php on line 21
2017-01-17 11:11:24 - PHP Warning:  SessionHandler::write(): open(/var/lib/php/sessions/sess_df63cc03v884jk655s4jitj2g5, O_RDWR) failed: Permission denied (13) in /var/www/html/irw/store/system/library/session/native.php on line 21
2017-01-17 11:16:12 - PHP Warning:  SessionHandler::write(): open(/var/lib/php/sessions/sess_df63cc03v884jk655s4jitj2g5, O_RDWR) failed: Permission denied (13) in /var/www/html/irw/store/system/library/session/native.php on line 21
2017-01-17 11:37:18 - PHP Unknown:  Object of class stdClass could not be converted to string in /var/www/html/irw/store/system/library/cart/customer.php on line 54
2017-01-17 17:41:08 - PHP Warning:  SessionHandler::write(): open(/var/lib/php/sessions/sess_g45bp3qgmvjp1kj14h6n4k5lc7, O_RDWR) failed: Permission denied (13) in /var/www/html/irw/store/system/library/session/native.php on line 21
2017-01-17 17:41:09 - PHP Warning:  SessionHandler::write(): open(/var/lib/php/sessions/sess_g45bp3qgmvjp1kj14h6n4k5lc7, O_RDWR) failed: Permission denied (13) in /var/www/html/irw/store/system/library/session/native.php on line 21
2017-01-17 17:41:11 - PHP Warning:  SessionHandler::write(): open(/var/lib/php/sessions/sess_g45bp3qgmvjp1kj14h6n4k5lc7, O_RDWR) failed: Permission denied (13) in /var/www/html/irw/store/system/library/session/native.php on line 21
2017-01-17 17:41:11 - PHP Warning:  SessionHandler::write(): open(/var/lib/php/sessions/sess_g45bp3qgmvjp1kj14h6n4k5lc7, O_RDWR) failed: Permission denied (13) in /var/www/html/irw/store/system/library/session/native.php on line 21
2017-01-17 17:41:12 - PHP Warning:  SessionHandler::write(): open(/var/lib/php/sessions/sess_g45bp3qgmvjp1kj14h6n4k5lc7, O_RDWR) failed: Permission denied (13) in /var/www/html/irw/store/system/library/session/native.php on line 21
2017-01-17 17:41:12 - PHP Warning:  SessionHandler::write(): open(/var/lib/php/sessions/sess_g45bp3qgmvjp1kj14h6n4k5lc7, O_RDWR) failed: Permission denied (13) in /var/www/html/irw/store/system/library/session/native.php on line 21
2017-01-17 17:41:18 - PHP Warning:  SessionHandler::write(): open(/var/lib/php/sessions/sess_g45bp3qgmvjp1kj14h6n4k5lc7, O_RDWR) failed: Permission denied (13) in /var/www/html/irw/store/system/library/session/native.php on line 21
2017-01-17 17:41:19 - PHP Warning:  SessionHandler::write(): open(/var/lib/php/sessions/sess_g45bp3qgmvjp1kj14h6n4k5lc7, O_RDWR) failed: Permission denied (13) in /var/www/html/irw/store/system/library/session/native.php on line 21
2017-01-17 17:45:12 - PHP Warning:  SessionHandler::write(): open(/var/lib/php/sessions/sess_g45bp3qgmvjp1kj14h6n4k5lc7, O_RDWR) failed: Permission denied (13) in /var/www/html/irw/store/system/library/session/native.php on line 21
2017-01-17 17:45:12 - PHP Warning:  SessionHandler::write(): open(/var/lib/php/sessions/sess_g45bp3qgmvjp1kj14h6n4k5lc7, O_RDWR) failed: Permission denied (13) in /var/www/html/irw/store/system/library/session/native.php on line 21
2017-01-17 17:45:16 - PHP Warning:  SessionHandler::write(): open(/var/lib/php/sessions/sess_g45bp3qgmvjp1kj14h6n4k5lc7, O_RDWR) failed: Permission denied (13) in /var/www/html/irw/store/system/library/session/native.php on line 21
2017-01-17 17:45:16 - PHP Warning:  SessionHandler::write(): open(/var/lib/php/sessions/sess_g45bp3qgmvjp1kj14h6n4k5lc7, O_RDWR) failed: Permission denied (13) in /var/www/html/irw/store/system/library/session/native.php on line 21
2017-01-17 17:54:01 - PHP Warning:  SessionHandler::write(): open(/var/lib/php/sessions/sess_sbj5f8k5evq12aij1r09ns40o0, O_RDWR) failed: Permission denied (13) in /var/www/html/irw/store/system/library/session/native.php on line 21
2017-01-17 18:25:22 - PHP Warning:  SessionHandler::write(): open(/var/lib/php/sessions/sess_df63cc03v884jk655s4jitj2g5, O_RDWR) failed: Permission denied (13) in /var/www/html/irw/store/system/library/session/native.php on line 21
2017-01-17 18:32:43 - PHP Notice:  Undefined index: token in /var/www/html/irw/store/catalog/controller/account/login.php on line 10
2017-01-17 20:33:22 - PHP Warning:  SessionHandler::write(): open(/var/lib/php/sessions/sess_0b8a279sg8hv01s15rgav8gfn7, O_RDWR) failed: Permission denied (13) in /var/www/html/irw/store/system/library/session/native.php on line 21
2017-01-17 20:33:27 - PHP Warning:  SessionHandler::write(): open(/var/lib/php/sessions/sess_pt00vp05oko23c75t7jm237823, O_RDWR) failed: Permission denied (13) in /var/www/html/irw/store/system/library/session/native.php on line 21
2017-01-18 15:42:56 - PHP Warning:  SessionHandler::write(): open(/var/lib/php/sessions/sess_pt00vp05oko23c75t7jm237823, O_RDWR) failed: Permission denied (13) in /var/www/html/irw/store/system/library/session/native.php on line 21
2017-01-18 15:54:25 - PHP Warning:  SessionHandler::write(): open(/var/lib/php/sessions/sess_pt00vp05oko23c75t7jm237823, O_RDWR) failed: Permission denied (13) in /var/www/html/irw/store/system/library/session/native.php on line 21
2017-01-18 18:13:56 - PHP Notice:  Undefined variable: cookie_name in /var/www/html/irw/store/catalog/controller/account/login.php on line 7
2017-01-18 18:30:22 - PHP Notice:  Undefined index: customer_id in /var/www/html/irw/store/catalog/controller/common/home.php on line 4
2017-01-18 18:43:16 - PHP Notice:  Undefined index: customer_id in /var/www/html/irw/store/catalog/controller/common/home.php on line 4
2017-01-19 15:13:06 - PHP Warning:  SessionHandler::write(): open(/var/lib/php/sessions/sess_5kdhu112an5euq62k03lufo7r2, O_RDWR) failed: Permission denied (13) in /var/www/html/irw/store/system/library/session/native.php on line 21
2017-01-19 17:20:53 - PHP Warning:  SessionHandler::write(): Session data file is not created by your uid in /var/www/html/irw/store/system/library/session/native.php on line 21
2017-01-19 17:20:53 - PHP Warning:  session_write_close(): Failed to write session data (user). Please verify that the current setting of session.save_path is correct (/var/lib/php/sessions) in Unknown on line 0
2017-01-21 13:38:15 - PHP Warning:  SessionHandler::write(): open(/var/lib/php/sessions/sess_epti76b99osa0tj3v320scegg1, O_RDWR) failed: Permission denied (13) in /var/www/html/irw/store/system/library/session/native.php on line 21
2017-01-21 13:38:15 - PHP Warning:  SessionHandler::write(): open(/var/lib/php/sessions/sess_epti76b99osa0tj3v320scegg1, O_RDWR) failed: Permission denied (13) in /var/www/html/irw/store/system/library/session/native.php on line 21
2017-01-21 13:38:15 - PHP Warning:  SessionHandler::write(): open(/var/lib/php/sessions/sess_epti76b99osa0tj3v320scegg1, O_RDWR) failed: Permission denied (13) in /var/www/html/irw/store/system/library/session/native.php on line 21
2017-01-21 13:38:15 - PHP Warning:  SessionHandler::write(): open(/var/lib/php/sessions/sess_epti76b99osa0tj3v320scegg1, O_RDWR) failed: Permission denied (13) in /var/www/html/irw/store/system/library/session/native.php on line 21
2017-01-21 13:38:15 - PHP Warning:  SessionHandler::write(): open(/var/lib/php/sessions/sess_epti76b99osa0tj3v320scegg1, O_RDWR) failed: Permission denied (13) in /var/www/html/irw/store/system/library/session/native.php on line 21
2017-01-21 13:38:15 - PHP Warning:  SessionHandler::write(): open(/var/lib/php/sessions/sess_epti76b99osa0tj3v320scegg1, O_RDWR) failed: Permission denied (13) in /var/www/html/irw/store/system/library/session/native.php on line 21
2017-01-21 13:38:15 - PHP Warning:  SessionHandler::write(): open(/var/lib/php/sessions/sess_epti76b99osa0tj3v320scegg1, O_RDWR) failed: Permission denied (13) in /var/www/html/irw/store/system/library/session/native.php on line 21
2017-01-21 13:38:15 - PHP Warning:  SessionHandler::write(): open(/var/lib/php/sessions/sess_epti76b99osa0tj3v320scegg1, O_RDWR) failed: Permission denied (13) in /var/www/html/irw/store/system/library/session/native.php on line 21
2017-01-21 13:38:16 - PHP Warning:  SessionHandler::write(): open(/var/lib/php/sessions/sess_epti76b99osa0tj3v320scegg1, O_RDWR) failed: Permission denied (13) in /var/www/html/irw/store/system/library/session/native.php on line 21
2017-01-21 13:38:16 - PHP Warning:  SessionHandler::write(): open(/var/lib/php/sessions/sess_epti76b99osa0tj3v320scegg1, O_RDWR) failed: Permission denied (13) in /var/www/html/irw/store/system/library/session/native.php on line 21
2017-01-21 13:38:16 - PHP Warning:  SessionHandler::write(): open(/var/lib/php/sessions/sess_epti76b99osa0tj3v320scegg1, O_RDWR) failed: Permission denied (13) in /var/www/html/irw/store/system/library/session/native.php on line 21
2017-01-21 13:38:16 - PHP Warning:  SessionHandler::write(): open(/var/lib/php/sessions/sess_epti76b99osa0tj3v320scegg1, O_RDWR) failed: Permission denied (13) in /var/www/html/irw/store/system/library/session/native.php on line 21
2017-01-21 13:38:16 - PHP Warning:  SessionHandler::write(): open(/var/lib/php/sessions/sess_epti76b99osa0tj3v320scegg1, O_RDWR) failed: Permission denied (13) in /var/www/html/irw/store/system/library/session/native.php on line 21
2017-01-21 13:38:16 - PHP Warning:  SessionHandler::write(): open(/var/lib/php/sessions/sess_epti76b99osa0tj3v320scegg1, O_RDWR) failed: Permission denied (13) in /var/www/html/irw/store/system/library/session/native.php on line 21
2017-01-21 13:38:16 - PHP Warning:  SessionHandler::write(): open(/var/lib/php/sessions/sess_epti76b99osa0tj3v320scegg1, O_RDWR) failed: Permission denied (13) in /var/www/html/irw/store/system/library/session/native.php on line 21
2017-01-21 13:38:16 - PHP Warning:  SessionHandler::write(): open(/var/lib/php/sessions/sess_epti76b99osa0tj3v320scegg1, O_RDWR) failed: Permission denied (13) in /var/www/html/irw/store/system/library/session/native.php on line 21
2017-01-21 13:38:16 - PHP Warning:  SessionHandler::write(): open(/var/lib/php/sessions/sess_epti76b99osa0tj3v320scegg1, O_RDWR) failed: Permission denied (13) in /var/www/html/irw/store/system/library/session/native.php on line 21
2017-01-21 13:38:16 - PHP Warning:  SessionHandler::write(): open(/var/lib/php/sessions/sess_epti76b99osa0tj3v320scegg1, O_RDWR) failed: Permission denied (13) in /var/www/html/irw/store/system/library/session/native.php on line 21
2017-01-21 13:38:16 - PHP Warning:  SessionHandler::write(): open(/var/lib/php/sessions/sess_epti76b99osa0tj3v320scegg1, O_RDWR) failed: Permission denied (13) in /var/www/html/irw/store/system/library/session/native.php on line 21
2017-01-21 13:38:16 - PHP Warning:  SessionHandler::write(): open(/var/lib/php/sessions/sess_epti76b99osa0tj3v320scegg1, O_RDWR) failed: Permission denied (13) in /var/www/html/irw/store/system/library/session/native.php on line 21
2017-01-21 13:38:16 - PHP Warning:  SessionHandler::write(): open(/var/lib/php/sessions/sess_epti76b99osa0tj3v320scegg1, O_RDWR) failed: Permission denied (13) in /var/www/html/irw/store/system/library/session/native.php on line 21
2017-01-21 13:38:16 - PHP Warning:  SessionHandler::write(): open(/var/lib/php/sessions/sess_epti76b99osa0tj3v320scegg1, O_RDWR) failed: Permission denied (13) in /var/www/html/irw/store/system/library/session/native.php on line 21
2017-01-21 13:38:16 - PHP Warning:  SessionHandler::write(): open(/var/lib/php/sessions/sess_epti76b99osa0tj3v320scegg1, O_RDWR) failed: Permission denied (13) in /var/www/html/irw/store/system/library/session/native.php on line 21
2017-01-21 13:38:16 - PHP Warning:  SessionHandler::write(): open(/var/lib/php/sessions/sess_epti76b99osa0tj3v320scegg1, O_RDWR) failed: Permission denied (13) in /var/www/html/irw/store/system/library/session/native.php on line 21
2017-01-21 13:38:16 - PHP Warning:  SessionHandler::write(): open(/var/lib/php/sessions/sess_epti76b99osa0tj3v320scegg1, O_RDWR) failed: Permission denied (13) in /var/www/html/irw/store/system/library/session/native.php on line 21
2017-01-21 13:38:16 - PHP Warning:  SessionHandler::write(): open(/var/lib/php/sessions/sess_epti76b99osa0tj3v320scegg1, O_RDWR) failed: Permission denied (13) in /var/www/html/irw/store/system/library/session/native.php on line 21
2017-01-21 13:38:16 - PHP Warning:  SessionHandler::write(): open(/var/lib/php/sessions/sess_epti76b99osa0tj3v320scegg1, O_RDWR) failed: Permission denied (13) in /var/www/html/irw/store/system/library/session/native.php on line 21
2017-01-21 13:38:16 - PHP Warning:  SessionHandler::write(): open(/var/lib/php/sessions/sess_epti76b99osa0tj3v320scegg1, O_RDWR) failed: Permission denied (13) in /var/www/html/irw/store/system/library/session/native.php on line 21
2017-01-21 13:38:16 - PHP Warning:  SessionHandler::write(): open(/var/lib/php/sessions/sess_epti76b99osa0tj3v320scegg1, O_RDWR) failed: Permission denied (13) in /var/www/html/irw/store/system/library/session/native.php on line 21
2017-01-21 13:38:16 - PHP Warning:  SessionHandler::write(): open(/var/lib/php/sessions/sess_epti76b99osa0tj3v320scegg1, O_RDWR) failed: Permission denied (13) in /var/www/html/irw/store/system/library/session/native.php on line 21
2017-01-21 13:38:16 - PHP Warning:  SessionHandler::write(): open(/var/lib/php/sessions/sess_epti76b99osa0tj3v320scegg1, O_RDWR) failed: Permission denied (13) in /var/www/html/irw/store/system/library/session/native.php on line 21
2017-01-21 13:38:16 - PHP Warning:  SessionHandler::write(): open(/var/lib/php/sessions/sess_epti76b99osa0tj3v320scegg1, O_RDWR) failed: Permission denied (13) in /var/www/html/irw/store/system/library/session/native.php on line 21
2017-01-21 13:38:16 - PHP Warning:  SessionHandler::write(): open(/var/lib/php/sessions/sess_epti76b99osa0tj3v320scegg1, O_RDWR) failed: Permission denied (13) in /var/www/html/irw/store/system/library/session/native.php on line 21
2017-01-21 13:38:16 - PHP Warning:  SessionHandler::write(): open(/var/lib/php/sessions/sess_epti76b99osa0tj3v320scegg1, O_RDWR) failed: Permission denied (13) in /var/www/html/irw/store/system/library/session/native.php on line 21
2017-01-21 13:38:16 - PHP Warning:  SessionHandler::write(): open(/var/lib/php/sessions/sess_epti76b99osa0tj3v320scegg1, O_RDWR) failed: Permission denied (13) in /var/www/html/irw/store/system/library/session/native.php on line 21
2017-01-21 13:38:16 - PHP Warning:  SessionHandler::write(): open(/var/lib/php/sessions/sess_epti76b99osa0tj3v320scegg1, O_RDWR) failed: Permission denied (13) in /var/www/html/irw/store/system/library/session/native.php on line 21
2017-01-21 13:38:16 - PHP Warning:  SessionHandler::write(): open(/var/lib/php/sessions/sess_epti76b99osa0tj3v320scegg1, O_RDWR) failed: Permission denied (13) in /var/www/html/irw/store/system/library/session/native.php on line 21
2017-01-21 13:38:16 - PHP Warning:  SessionHandler::write(): open(/var/lib/php/sessions/sess_epti76b99osa0tj3v320scegg1, O_RDWR) failed: Permission denied (13) in /var/www/html/irw/store/system/library/session/native.php on line 21
2017-01-21 13:38:16 - PHP Warning:  SessionHandler::write(): open(/var/lib/php/sessions/sess_epti76b99osa0tj3v320scegg1, O_RDWR) failed: Permission denied (13) in /var/www/html/irw/store/system/library/session/native.php on line 21
2017-01-21 13:38:16 - PHP Warning:  SessionHandler::write(): open(/var/lib/php/sessions/sess_epti76b99osa0tj3v320scegg1, O_RDWR) failed: Permission denied (13) in /var/www/html/irw/store/system/library/session/native.php on line 21
2017-01-21 13:38:16 - PHP Warning:  SessionHandler::write(): open(/var/lib/php/sessions/sess_epti76b99osa0tj3v320scegg1, O_RDWR) failed: Permission denied (13) in /var/www/html/irw/store/system/library/session/native.php on line 21
2017-01-21 13:38:16 - PHP Warning:  SessionHandler::write(): open(/var/lib/php/sessions/sess_epti76b99osa0tj3v320scegg1, O_RDWR) failed: Permission denied (13) in /var/www/html/irw/store/system/library/session/native.php on line 21
2017-01-21 13:38:21 - PHP Warning:  SessionHandler::write(): open(/var/lib/php/sessions/sess_epti76b99osa0tj3v320scegg1, O_RDWR) failed: Permission denied (13) in /var/www/html/irw/store/system/library/session/native.php on line 21
2017-01-21 13:38:21 - PHP Warning:  SessionHandler::write(): open(/var/lib/php/sessions/sess_epti76b99osa0tj3v320scegg1, O_RDWR) failed: Permission denied (13) in /var/www/html/irw/store/system/library/session/native.php on line 21
2017-01-21 13:38:21 - PHP Warning:  SessionHandler::write(): open(/var/lib/php/sessions/sess_epti76b99osa0tj3v320scegg1, O_RDWR) failed: Permission denied (13) in /var/www/html/irw/store/system/library/session/native.php on line 21
2017-01-21 13:38:21 - PHP Warning:  SessionHandler::write(): open(/var/lib/php/sessions/sess_epti76b99osa0tj3v320scegg1, O_RDWR) failed: Permission denied (13) in /var/www/html/irw/store/system/library/session/native.php on line 21
2017-01-21 13:38:21 - PHP Warning:  SessionHandler::write(): open(/var/lib/php/sessions/sess_epti76b99osa0tj3v320scegg1, O_RDWR) failed: Permission denied (13) in /var/www/html/irw/store/system/library/session/native.php on line 21
2017-01-21 13:38:21 - PHP Warning:  SessionHandler::write(): open(/var/lib/php/sessions/sess_epti76b99osa0tj3v320scegg1, O_RDWR) failed: Permission denied (13) in /var/www/html/irw/store/system/library/session/native.php on line 21
2017-01-21 13:38:21 - PHP Warning:  SessionHandler::write(): open(/var/lib/php/sessions/sess_epti76b99osa0tj3v320scegg1, O_RDWR) failed: Permission denied (13) in /var/www/html/irw/store/system/library/session/native.php on line 21
2017-01-21 13:38:21 - PHP Warning:  SessionHandler::write(): open(/var/lib/php/sessions/sess_epti76b99osa0tj3v320scegg1, O_RDWR) failed: Permission denied (13) in /var/www/html/irw/store/system/library/session/native.php on line 21
2017-01-21 13:38:21 - PHP Warning:  SessionHandler::write(): open(/var/lib/php/sessions/sess_epti76b99osa0tj3v320scegg1, O_RDWR) failed: Permission denied (13) in /var/www/html/irw/store/system/library/session/native.php on line 21
2017-01-21 13:38:21 - PHP Warning:  SessionHandler::write(): open(/var/lib/php/sessions/sess_epti76b99osa0tj3v320scegg1, O_RDWR) failed: Permission denied (13) in /var/www/html/irw/store/system/library/session/native.php on line 21
2017-01-21 13:38:21 - PHP Warning:  SessionHandler::write(): open(/var/lib/php/sessions/sess_epti76b99osa0tj3v320scegg1, O_RDWR) failed: Permission denied (13) in /var/www/html/irw/store/system/library/session/native.php on line 21
2017-01-21 13:38:21 - PHP Warning:  SessionHandler::write(): open(/var/lib/php/sessions/sess_epti76b99osa0tj3v320scegg1, O_RDWR) failed: Permission denied (13) in /var/www/html/irw/store/system/library/session/native.php on line 21
2017-01-21 13:38:21 - PHP Warning:  SessionHandler::write(): open(/var/lib/php/sessions/sess_epti76b99osa0tj3v320scegg1, O_RDWR) failed: Permission denied (13) in /var/www/html/irw/store/system/library/session/native.php on line 21
2017-01-21 13:38:21 - PHP Warning:  SessionHandler::write(): open(/var/lib/php/sessions/sess_epti76b99osa0tj3v320scegg1, O_RDWR) failed: Permission denied (13) in /var/www/html/irw/store/system/library/session/native.php on line 21
2017-01-21 13:38:21 - PHP Warning:  SessionHandler::write(): open(/var/lib/php/sessions/sess_epti76b99osa0tj3v320scegg1, O_RDWR) failed: Permission denied (13) in /var/www/html/irw/store/system/library/session/native.php on line 21
2017-01-21 13:38:21 - PHP Warning:  SessionHandler::write(): open(/var/lib/php/sessions/sess_epti76b99osa0tj3v320scegg1, O_RDWR) failed: Permission denied (13) in /var/www/html/irw/store/system/library/session/native.php on line 21
2017-01-21 13:38:21 - PHP Warning:  SessionHandler::write(): open(/var/lib/php/sessions/sess_epti76b99osa0tj3v320scegg1, O_RDWR) failed: Permission denied (13) in /var/www/html/irw/store/system/library/session/native.php on line 21
2017-01-21 13:38:21 - PHP Warning:  SessionHandler::write(): open(/var/lib/php/sessions/sess_epti76b99osa0tj3v320scegg1, O_RDWR) failed: Permission denied (13) in /var/www/html/irw/store/system/library/session/native.php on line 21
2017-01-21 13:38:21 - PHP Warning:  SessionHandler::write(): open(/var/lib/php/sessions/sess_epti76b99osa0tj3v320scegg1, O_RDWR) failed: Permission denied (13) in /var/www/html/irw/store/system/library/session/native.php on line 21
2017-01-21 13:38:21 - PHP Warning:  SessionHandler::write(): open(/var/lib/php/sessions/sess_epti76b99osa0tj3v320scegg1, O_RDWR) failed: Permission denied (13) in /var/www/html/irw/store/system/library/session/native.php on line 21
2017-01-21 13:38:21 - PHP Warning:  SessionHandler::write(): open(/var/lib/php/sessions/sess_epti76b99osa0tj3v320scegg1, O_RDWR) failed: Permission denied (13) in /var/www/html/irw/store/system/library/session/native.php on line 21
2017-01-21 13:38:51 - PHP Warning:  SessionHandler::write(): open(/var/lib/php/sessions/sess_epti76b99osa0tj3v320scegg1, O_RDWR) failed: Permission denied (13) in /var/www/html/irw/store/system/library/session/native.php on line 21
2017-01-21 13:38:51 - PHP Warning:  SessionHandler::write(): open(/var/lib/php/sessions/sess_epti76b99osa0tj3v320scegg1, O_RDWR) failed: Permission denied (13) in /var/www/html/irw/store/system/library/session/native.php on line 21
2017-01-21 13:38:51 - PHP Warning:  SessionHandler::write(): open(/var/lib/php/sessions/sess_epti76b99osa0tj3v320scegg1, O_RDWR) failed: Permission denied (13) in /var/www/html/irw/store/system/library/session/native.php on line 21
2017-01-21 13:38:52 - PHP Warning:  SessionHandler::write(): open(/var/lib/php/sessions/sess_epti76b99osa0tj3v320scegg1, O_RDWR) failed: Permission denied (13) in /var/www/html/irw/store/system/library/session/native.php on line 21
2017-01-21 13:38:52 - PHP Warning:  SessionHandler::write(): open(/var/lib/php/sessions/sess_epti76b99osa0tj3v320scegg1, O_RDWR) failed: Permission denied (13) in /var/www/html/irw/store/system/library/session/native.php on line 21
2017-01-21 13:38:52 - PHP Warning:  SessionHandler::write(): open(/var/lib/php/sessions/sess_epti76b99osa0tj3v320scegg1, O_RDWR) failed: Permission denied (13) in /var/www/html/irw/store/system/library/session/native.php on line 21
2017-01-21 13:38:52 - PHP Warning:  SessionHandler::write(): open(/var/lib/php/sessions/sess_epti76b99osa0tj3v320scegg1, O_RDWR) failed: Permission denied (13) in /var/www/html/irw/store/system/library/session/native.php on line 21
2017-01-21 13:38:52 - PHP Warning:  SessionHandler::write(): open(/var/lib/php/sessions/sess_epti76b99osa0tj3v320scegg1, O_RDWR) failed: Permission denied (13) in /var/www/html/irw/store/system/library/session/native.php on line 21
2017-01-21 13:38:52 - PHP Warning:  SessionHandler::write(): open(/var/lib/php/sessions/sess_epti76b99osa0tj3v320scegg1, O_RDWR) failed: Permission denied (13) in /var/www/html/irw/store/system/library/session/native.php on line 21
2017-01-21 13:38:52 - PHP Warning:  SessionHandler::write(): open(/var/lib/php/sessions/sess_epti76b99osa0tj3v320scegg1, O_RDWR) failed: Permission denied (13) in /var/www/html/irw/store/system/library/session/native.php on line 21
2017-01-21 13:38:52 - PHP Warning:  SessionHandler::write(): open(/var/lib/php/sessions/sess_epti76b99osa0tj3v320scegg1, O_RDWR) failed: Permission denied (13) in /var/www/html/irw/store/system/library/session/native.php on line 21
2017-01-21 13:38:52 - PHP Warning:  SessionHandler::write(): open(/var/lib/php/sessions/sess_epti76b99osa0tj3v320scegg1, O_RDWR) failed: Permission denied (13) in /var/www/html/irw/store/system/library/session/native.php on line 21
2017-01-21 13:38:52 - PHP Warning:  SessionHandler::write(): open(/var/lib/php/sessions/sess_epti76b99osa0tj3v320scegg1, O_RDWR) failed: Permission denied (13) in /var/www/html/irw/store/system/library/session/native.php on line 21
2017-01-21 13:38:52 - PHP Warning:  SessionHandler::write(): open(/var/lib/php/sessions/sess_epti76b99osa0tj3v320scegg1, O_RDWR) failed: Permission denied (13) in /var/www/html/irw/store/system/library/session/native.php on line 21
2017-01-21 13:38:52 - PHP Warning:  SessionHandler::write(): open(/var/lib/php/sessions/sess_epti76b99osa0tj3v320scegg1, O_RDWR) failed: Permission denied (13) in /var/www/html/irw/store/system/library/session/native.php on line 21
2017-01-21 13:38:52 - PHP Warning:  SessionHandler::write(): open(/var/lib/php/sessions/sess_epti76b99osa0tj3v320scegg1, O_RDWR) failed: Permission denied (13) in /var/www/html/irw/store/system/library/session/native.php on line 21
2017-01-21 13:38:52 - PHP Warning:  SessionHandler::write(): open(/var/lib/php/sessions/sess_epti76b99osa0tj3v320scegg1, O_RDWR) failed: Permission denied (13) in /var/www/html/irw/store/system/library/session/native.php on line 21
2017-01-21 13:38:52 - PHP Warning:  SessionHandler::write(): open(/var/lib/php/sessions/sess_epti76b99osa0tj3v320scegg1, O_RDWR) failed: Permission denied (13) in /var/www/html/irw/store/system/library/session/native.php on line 21
2017-01-21 13:38:52 - PHP Warning:  SessionHandler::write(): open(/var/lib/php/sessions/sess_epti76b99osa0tj3v320scegg1, O_RDWR) failed: Permission denied (13) in /var/www/html/irw/store/system/library/session/native.php on line 21
2017-01-21 13:38:52 - PHP Warning:  SessionHandler::write(): open(/var/lib/php/sessions/sess_epti76b99osa0tj3v320scegg1, O_RDWR) failed: Permission denied (13) in /var/www/html/irw/store/system/library/session/native.php on line 21
2017-01-21 13:38:52 - PHP Warning:  SessionHandler::write(): open(/var/lib/php/sessions/sess_epti76b99osa0tj3v320scegg1, O_RDWR) failed: Permission denied (13) in /var/www/html/irw/store/system/library/session/native.php on line 21
2017-01-21 13:46:01 - PHP Warning:  SessionHandler::write(): open(/var/lib/php/sessions/sess_epti76b99osa0tj3v320scegg1, O_RDWR) failed: Permission denied (13) in /var/www/html/irw/store/system/library/session/native.php on line 21
2017-01-21 13:46:01 - PHP Warning:  SessionHandler::write(): open(/var/lib/php/sessions/sess_epti76b99osa0tj3v320scegg1, O_RDWR) failed: Permission denied (13) in /var/www/html/irw/store/system/library/session/native.php on line 21
2017-01-21 13:46:01 - PHP Warning:  SessionHandler::write(): open(/var/lib/php/sessions/sess_epti76b99osa0tj3v320scegg1, O_RDWR) failed: Permission denied (13) in /var/www/html/irw/store/system/library/session/native.php on line 21
2017-01-21 13:46:01 - PHP Warning:  SessionHandler::write(): open(/var/lib/php/sessions/sess_epti76b99osa0tj3v320scegg1, O_RDWR) failed: Permission denied (13) in /var/www/html/irw/store/system/library/session/native.php on line 21
2017-01-21 13:46:01 - PHP Warning:  SessionHandler::write(): open(/var/lib/php/sessions/sess_epti76b99osa0tj3v320scegg1, O_RDWR) failed: Permission denied (13) in /var/www/html/irw/store/system/library/session/native.php on line 21
2017-01-21 13:46:01 - PHP Warning:  SessionHandler::write(): open(/var/lib/php/sessions/sess_epti76b99osa0tj3v320scegg1, O_RDWR) failed: Permission denied (13) in /var/www/html/irw/store/system/library/session/native.php on line 21
2017-01-21 13:46:01 - PHP Warning:  SessionHandler::write(): open(/var/lib/php/sessions/sess_epti76b99osa0tj3v320scegg1, O_RDWR) failed: Permission denied (13) in /var/www/html/irw/store/system/library/session/native.php on line 21
2017-01-21 13:46:01 - PHP Warning:  SessionHandler::write(): open(/var/lib/php/sessions/sess_epti76b99osa0tj3v320scegg1, O_RDWR) failed: Permission denied (13) in /var/www/html/irw/store/system/library/session/native.php on line 21
2017-01-21 13:46:01 - PHP Warning:  SessionHandler::write(): open(/var/lib/php/sessions/sess_epti76b99osa0tj3v320scegg1, O_RDWR) failed: Permission denied (13) in /var/www/html/irw/store/system/library/session/native.php on line 21
2017-01-21 13:46:01 - PHP Warning:  SessionHandler::write(): open(/var/lib/php/sessions/sess_epti76b99osa0tj3v320scegg1, O_RDWR) failed: Permission denied (13) in /var/www/html/irw/store/system/library/session/native.php on line 21
2017-01-21 13:46:01 - PHP Warning:  SessionHandler::write(): open(/var/lib/php/sessions/sess_epti76b99osa0tj3v320scegg1, O_RDWR) failed: Permission denied (13) in /var/www/html/irw/store/system/library/session/native.php on line 21
2017-01-21 13:46:01 - PHP Warning:  SessionHandler::write(): open(/var/lib/php/sessions/sess_epti76b99osa0tj3v320scegg1, O_RDWR) failed: Permission denied (13) in /var/www/html/irw/store/system/library/session/native.php on line 21
2017-01-21 13:46:01 - PHP Warning:  SessionHandler::write(): open(/var/lib/php/sessions/sess_epti76b99osa0tj3v320scegg1, O_RDWR) failed: Permission denied (13) in /var/www/html/irw/store/system/library/session/native.php on line 21
2017-01-21 13:46:01 - PHP Warning:  SessionHandler::write(): open(/var/lib/php/sessions/sess_epti76b99osa0tj3v320scegg1, O_RDWR) failed: Permission denied (13) in /var/www/html/irw/store/system/library/session/native.php on line 21
2017-01-21 13:46:01 - PHP Warning:  SessionHandler::write(): open(/var/lib/php/sessions/sess_epti76b99osa0tj3v320scegg1, O_RDWR) failed: Permission denied (13) in /var/www/html/irw/store/system/library/session/native.php on line 21
2017-01-21 13:46:01 - PHP Warning:  SessionHandler::write(): open(/var/lib/php/sessions/sess_epti76b99osa0tj3v320scegg1, O_RDWR) failed: Permission denied (13) in /var/www/html/irw/store/system/library/session/native.php on line 21
2017-01-21 13:46:01 - PHP Warning:  SessionHandler::write(): open(/var/lib/php/sessions/sess_epti76b99osa0tj3v320scegg1, O_RDWR) failed: Permission denied (13) in /var/www/html/irw/store/system/library/session/native.php on line 21
2017-01-21 13:46:01 - PHP Warning:  SessionHandler::write(): open(/var/lib/php/sessions/sess_epti76b99osa0tj3v320scegg1, O_RDWR) failed: Permission denied (13) in /var/www/html/irw/store/system/library/session/native.php on line 21
2017-01-21 13:46:01 - PHP Warning:  SessionHandler::write(): open(/var/lib/php/sessions/sess_epti76b99osa0tj3v320scegg1, O_RDWR) failed: Permission denied (13) in /var/www/html/irw/store/system/library/session/native.php on line 21
2017-01-21 13:46:01 - PHP Warning:  SessionHandler::write(): open(/var/lib/php/sessions/sess_epti76b99osa0tj3v320scegg1, O_RDWR) failed: Permission denied (13) in /var/www/html/irw/store/system/library/session/native.php on line 21
2017-01-21 13:46:01 - PHP Warning:  SessionHandler::write(): open(/var/lib/php/sessions/sess_epti76b99osa0tj3v320scegg1, O_RDWR) failed: Permission denied (13) in /var/www/html/irw/store/system/library/session/native.php on line 21
2017-01-21 13:46:55 - PHP Warning:  SessionHandler::write(): open(/var/lib/php/sessions/sess_epti76b99osa0tj3v320scegg1, O_RDWR) failed: Permission denied (13) in /var/www/html/irw/store/system/library/session/native.php on line 21
2017-01-21 13:56:13 - PHP Warning:  SessionHandler::write(): open(/var/lib/php/sessions/sess_epti76b99osa0tj3v320scegg1, O_RDWR) failed: Permission denied (13) in /var/www/html/irw/store/system/library/session/native.php on line 21
2017-01-21 14:00:03 - PHP Warning:  SessionHandler::write(): Session data file is not created by your uid in /var/www/html/irw/store/system/library/session/native.php on line 21
2017-01-21 14:00:03 - PHP Warning:  session_write_close(): Failed to write session data (user). Please verify that the current setting of session.save_path is correct (/var/lib/php/sessions) in Unknown on line 0
2017-01-22 14:32:33 - PHP Warning:  SessionHandler::write(): open(/var/lib/php/sessions/sess_p2s4p04f41ju968qjq2m33rrc1, O_RDWR) failed: Permission denied (13) in /var/www/html/irw/store/system/library/session/native.php on line 21
2017-01-23 20:09:02 - PHP Warning:  imagejpeg(/var/www/html/irw/store/image/cache/catalog/demo/samsung_tab_1-228x228.jpg): failed to open stream: Permission denied in /var/www/html/irw/store/system/library/image.php on line 64
2017-01-23 20:09:03 - PHP Warning:  imagejpeg(/var/www/html/irw/store/image/cache/catalog/demo/compaq_presario-182x182.jpg): failed to open stream: Permission denied in /var/www/html/irw/store/system/library/image.php on line 64
2017-01-24 14:11:35 - PHP Warning:  SessionHandler::write(): open(/var/lib/php/sessions/sess_qdom54hrpot30fvug0l4d39c46, O_RDWR) failed: Permission denied (13) in /var/www/html/irw/store/system/library/session/native.php on line 21
2017-01-24 14:11:36 - PHP Warning:  SessionHandler::write(): open(/var/lib/php/sessions/sess_qdom54hrpot30fvug0l4d39c46, O_RDWR) failed: Permission denied (13) in /var/www/html/irw/store/system/library/session/native.php on line 21
